<?xml version="1.0" encoding="UTF-8"?>
<!-- Generated by org.testng.reporters.JUnitXMLReporter -->
<testsuite ignored="0" hostname="LAPTOP-2AI0MJP0" failures="0" tests="6" name="Command line test" time="0.03" errors="0" timestamp="2021-12-04T01:01:52 IST">
  <testcase classname="qaclickacademy.MavenJava.AppiumTest" name="AndroidApp" time="0.003"/>
  <testcase classname="qaclickacademy.MavenJava.AppiumTest" name="IOS" time="0.0"/>
  <testcase classname="qaclickacademy.MavenJava.RestAPITest" name="DeleteTwitter" time="0.0"/>
  <testcase classname="qaclickacademy.MavenJava.RestAPITest" name="PostJira" time="0.0"/>
  <testcase classname="qaclickacademy.MavenJava.SeleniumTest" name="BrowserAutomation" time="0.0"/>
  <testcase classname="qaclickacademy.MavenJava.SeleniumTest" name="ElementsUI" time="0.0"/>
</testsuite> <!-- Command line test -->
