<?xml version="1.0" encoding="UTF-8" ?>
<testsuite tests="6" failures="0" name="TestSuite" time="0.005" errors="0" skipped="0">
  <properties>
[...]
</properties>
  <testcase classname="qaclickacademy.MavenJava.AppiumTest" name="AndroidApp" time="0.004"/>
  <testcase classname="qaclickacademy.MavenJava.AppiumTest" name="IOS" time="0.001"/>
  <testcase classname="qaclickacademy.MavenJava.RestAPITest" name="DeleteTwitter" time="0"/>
  <testcase classname="qaclickacademy.MavenJava.RestAPITest" name="PostJira" time="0"/>
  <testcase classname="qaclickacademy.MavenJava.SeleniumTest" name="BrowserAutomation" time="0"/>
  <testcase classname="qaclickacademy.MavenJava.SeleniumTest" name="ElementsUI" time="0"/>
</testsuite>