<?xml version="1.0" encoding="UTF-8"?>
<testng-results ignored="0" total="6" passed="6" failed="0" skipped="0">
  <reporter-output>
  </reporter-output>
  <suite started-at="2021-12-04T01:01:52 IST" name="Command line suite" finished-at="2021-12-04T01:01:52 IST" duration-ms="30">
    <groups>
    </groups>
    <test started-at="2021-12-04T01:01:52 IST" name="Command line test" finished-at="2021-12-04T01:01:52 IST" duration-ms="30">
      <class name="qaclickacademy.MavenJava.SeleniumTest">
        <test-method signature="ElementsUI()[pri:0, instance:qaclickacademy.MavenJava.SeleniumTest@14a2f921]" started-at="2021-12-04T01:01:52 IST" name="ElementsUI" finished-at="2021-12-04T01:01:52 IST" duration-ms="0" status="PASS">
          <reporter-output>
          </reporter-output>
        </test-method> <!-- ElementsUI -->
        <test-method signature="BrowserAutomation()[pri:0, instance:qaclickacademy.MavenJava.SeleniumTest@14a2f921]" started-at="2021-12-04T01:01:52 IST" name="BrowserAutomation" finished-at="2021-12-04T01:01:52 IST" duration-ms="0" status="PASS">
          <reporter-output>
          </reporter-output>
        </test-method> <!-- BrowserAutomation -->
      </class> <!-- qaclickacademy.MavenJava.SeleniumTest -->
      <class name="qaclickacademy.MavenJava.AppiumTest">
        <test-method signature="AndroidApp()[pri:0, instance:qaclickacademy.MavenJava.AppiumTest@5d740a0f]" started-at="2021-12-04T01:01:52 IST" name="AndroidApp" finished-at="2021-12-04T01:01:52 IST" duration-ms="3" status="PASS">
          <reporter-output>
          </reporter-output>
        </test-method> <!-- AndroidApp -->
        <test-method signature="IOS()[pri:0, instance:qaclickacademy.MavenJava.AppiumTest@5d740a0f]" started-at="2021-12-04T01:01:52 IST" name="IOS" finished-at="2021-12-04T01:01:52 IST" duration-ms="0" status="PASS">
          <reporter-output>
          </reporter-output>
        </test-method> <!-- IOS -->
      </class> <!-- qaclickacademy.MavenJava.AppiumTest -->
      <class name="qaclickacademy.MavenJava.RestAPITest">
        <test-method signature="DeleteTwitter()[pri:0, instance:qaclickacademy.MavenJava.RestAPITest@212bf671]" started-at="2021-12-04T01:01:52 IST" name="DeleteTwitter" finished-at="2021-12-04T01:01:52 IST" duration-ms="0" status="PASS">
          <reporter-output>
          </reporter-output>
        </test-method> <!-- DeleteTwitter -->
        <test-method signature="PostJira()[pri:0, instance:qaclickacademy.MavenJava.RestAPITest@212bf671]" started-at="2021-12-04T01:01:52 IST" name="PostJira" finished-at="2021-12-04T01:01:52 IST" duration-ms="0" status="PASS">
          <reporter-output>
          </reporter-output>
        </test-method> <!-- PostJira -->
      </class> <!-- qaclickacademy.MavenJava.RestAPITest -->
    </test> <!-- Command line test -->
  </suite> <!-- Command line suite -->
</testng-results>
